Building DAG of jobs...
Using shell: /bin/bash
Provided cores: 1
Rules claiming more threads will be scaled down.
Job counts:
	count	jobs
	1	all
	1	plot_quals
	2

[Tue Jul 14 19:47:25 2020]
rule plot_quals:
    input: calls/all.vcf
    output: plots/quals.svg
    jobid: 1

[Tue Jul 14 19:47:34 2020]
Finished job 1.
1 of 2 steps (50%) done

[Tue Jul 14 19:47:34 2020]
localrule all:
    input: plots/quals.svg
    jobid: 0

[Tue Jul 14 19:47:34 2020]
Finished job 0.
2 of 2 steps (100%) done
Complete log: /Users/indumathiprakash/Documents/snakemake-tutorial/.snakemake/log/2020-07-14T194725.543762.snakemake.log
