Building DAG of jobs...
Using shell: /bin/bash
Provided cores: 1
Rules claiming more threads will be scaled down.
Job counts:
	count	jobs
	1	all
	1	bcftools_call
	1	plot_quals
	3

[Fri Jul 17 21:52:22 2020]
rule bcftools_call:
    input: data/refgen.fna, sorted_reads/SRR2034333.1.bam, sorted_reads/SRR2034333.1.bam.bai
    output: calls/all.vcf
    jobid: 2

[Fri Jul 17 21:52:45 2020]
Finished job 2.
1 of 3 steps (33%) done

[Fri Jul 17 21:52:45 2020]
rule plot_quals:
    input: calls/all.vcf
    output: plots/quals.svg
    jobid: 1

[Fri Jul 17 21:52:47 2020]
Finished job 1.
2 of 3 steps (67%) done

[Fri Jul 17 21:52:47 2020]
localrule all:
    input: plots/quals.svg
    jobid: 0

[Fri Jul 17 21:52:47 2020]
Finished job 0.
3 of 3 steps (100%) done
Complete log: /Users/indumathiprakash/Documents/snakemake-tutorial/.snakemake/log/2020-07-17T215222.871887.snakemake.log
